<?xml version="1.0" encoding="UTF-8"?>
<!-- Generated by org.testng.reporters.JUnitXMLReporter -->
<testsuite ignored="0" hostname="BSG-LAPTOP-53" failures="2" tests="2" name="Test Login Page" time="3.107" errors="0" timestamp="2022-03-08T17:05:01 IST">
  <testcase classname="com.practice.turing.testcases.TuringLoginPageTest" name="LoginTest" time="0.012">
    <failure type="java.lang.NullPointerException" message="Cannot invoke &amp;quot;java.util.Properties.getProperty(String)&amp;quot; because &amp;quot;com.practice.turing.testcases.TuringLoginPageTest.prop&amp;quot; is null">
      <![CDATA[java.lang.NullPointerException: Cannot invoke "java.util.Properties.getProperty(String)" because "com.practice.turing.testcases.TuringLoginPageTest.prop" is null
at com.practice.turing.testcases.TuringLoginPageTest.LoginTest(TuringLoginPageTest.java:31)
at java.base/java.util.ArrayList.forEach(ArrayList.java:1511)
... Removed 27 stack frames]]>
    </failure>
  </testcase> <!-- LoginTest -->
  <testcase classname="com.practice.turing.testcases.TuringLoginPageTest" name="verifyBankName" time="3.018">
    <failure type="java.lang.NullPointerException" message="Cannot invoke &amp;quot;org.openqa.selenium.WebDriver.findElement(org.openqa.selenium.By)&amp;quot; because &amp;quot;com.practice.turing.testcases.TuringLoginPageTest.driver&amp;quot; is null">
      <![CDATA[java.lang.NullPointerException: Cannot invoke "org.openqa.selenium.WebDriver.findElement(org.openqa.selenium.By)" because "com.practice.turing.testcases.TuringLoginPageTest.driver" is null
at com.practice.turing.testcases.TuringLoginPageTest.verifyBankName(TuringLoginPageTest.java:39)
at java.base/java.util.ArrayList.forEach(ArrayList.java:1511)
... Removed 27 stack frames]]>
    </failure>
  </testcase> <!-- verifyBankName -->
</testsuite> <!-- Test Login Page -->
